0 info it worked if it ends with ok
1 verbose cli [ 'C:\\Program Files\\nodejs\\node.exe',
1 verbose cli   'C:\\Program Files\\nodejs\\node_modules\\npm\\bin\\npm-cli.js',
1 verbose cli   'start' ]
2 info using npm@3.10.9
3 info using node@v6.9.2
4 verbose run-script [ 'prestart', 'start', 'poststart' ]
5 info lifecycle gifdisplay@1.0.0~prestart: gifdisplay@1.0.0
6 silly lifecycle gifdisplay@1.0.0~prestart: no script for prestart, continuing
7 info lifecycle gifdisplay@1.0.0~start: gifdisplay@1.0.0
8 verbose lifecycle gifdisplay@1.0.0~start: unsafe-perm in lifecycle true
9 verbose lifecycle gifdisplay@1.0.0~start: PATH: C:\Program Files\nodejs\node_modules\npm\bin\node-gyp-bin;C:\Users\radisson\Google Drive\Dev\Git\GIFdisplay\node_modules\.bin;C:\Program Files\ImageMagick-7.0.6-Q16;C:\GTK\bin;C:\ProgramData\Anaconda3;C:\ProgramData\Anaconda3\Library\mingw-w64\bin;C:\ProgramData\Anaconda3\Library\usr\bin;C:\ProgramData\Anaconda3\Library\bin;C:\ProgramData\Anaconda3\Scripts;C:\Program Files (x86)\Common Files\Intel\Shared Libraries\redist\intel64\compiler;C:\ProgramData\Oracle\Java\javapath;C:\WINDOWS\system32;C:\WINDOWS;C:\WINDOWS\System32\Wbem;C:\WINDOWS\System32\WindowsPowerShell\v1.0\;C:\Program Files\nodejs\;C:\Program Files (x86)\Bitvise SSH Client;C:\Program Files\Microsoft SQL Server\110\Tools\Binn\;C:\Program Files (x86)\Microsoft SDKs\TypeScript\1.0\;C:\Program Files\Microsoft SQL Server\130\Tools\Binn\;C:\Program Files (x86)\Windows Kits\10\Windows Performance Toolkit\;C:\Program Files\Git\cmd;C:\Users\radisson\AppData\Local\Continuum\Anaconda2;C:\Users\radisson\AppData\Local\Continuum\Anaconda2\Scripts;C:\Users\radisson\AppData\Local\Continuum\Anaconda2\Library\bin;C:\Python27\Tools\Scripts\;C:\Python27\;C:\Python27\Scripts;C:\Users\radisson\AppData\Local\atom\bin;C:\Users\radisson\AppData\Roaming\npm;C:\Users\radisson\Progz\dfu-util;C:\OpenSSL-Win32\bin;C:\Users\radisson\Progz\uncrustify-0.64-win32;C:\gstreamer\1.0\x86\bin;C:\Users\radisson\Progz\processing-3.3.5;C:\Users\radisson\Google Drive\cmd;C:\Program Files\Heroku\bin
10 verbose lifecycle gifdisplay@1.0.0~start: CWD: C:\Users\radisson\Google Drive\Dev\Git\GIFdisplay
11 silly lifecycle gifdisplay@1.0.0~start: Args: [ '/d /s /c', 'node index.js' ]
12 silly lifecycle gifdisplay@1.0.0~start: Returned: code: 3221225786  signal: null
13 info lifecycle gifdisplay@1.0.0~start: Failed to exec start script
14 verbose stack Error: gifdisplay@1.0.0 start: `node index.js`
14 verbose stack Exit status 3221225786
14 verbose stack     at EventEmitter.<anonymous> (C:\Program Files\nodejs\node_modules\npm\lib\utils\lifecycle.js:255:16)
14 verbose stack     at emitTwo (events.js:106:13)
14 verbose stack     at EventEmitter.emit (events.js:191:7)
14 verbose stack     at ChildProcess.<anonymous> (C:\Program Files\nodejs\node_modules\npm\lib\utils\spawn.js:40:14)
14 verbose stack     at emitTwo (events.js:106:13)
14 verbose stack     at ChildProcess.emit (events.js:191:7)
14 verbose stack     at maybeClose (internal/child_process.js:877:16)
14 verbose stack     at Process.ChildProcess._handle.onexit (internal/child_process.js:226:5)
15 verbose pkgid gifdisplay@1.0.0
16 verbose cwd C:\Users\radisson\Google Drive\Dev\Git\GIFdisplay
17 error Windows_NT 6.1.7601
18 error argv "C:\\Program Files\\nodejs\\node.exe" "C:\\Program Files\\nodejs\\node_modules\\npm\\bin\\npm-cli.js" "start"
19 error node v6.9.2
20 error npm  v3.10.9
21 error code ELIFECYCLE
22 error gifdisplay@1.0.0 start: `node index.js`
22 error Exit status 3221225786
23 error Failed at the gifdisplay@1.0.0 start script 'node index.js'.
23 error Make sure you have the latest version of node.js and npm installed.
23 error If you do, this is most likely a problem with the gifdisplay package,
23 error not with npm itself.
23 error Tell the author that this fails on your system:
23 error     node index.js
23 error You can get information on how to open an issue for this project with:
23 error     npm bugs gifdisplay
23 error Or if that isn't available, you can get their info via:
23 error     npm owner ls gifdisplay
23 error There is likely additional logging output above.
24 verbose exit [ 1, true ]
